26-Sep-2024 04:19:42.063 INFO [main] org.apache.catalina.startup.VersionLoggerListener.log Server version name:   Apache Tomcat/10.1.30
26-Sep-2024 04:19:42.083 INFO [main] org.apache.catalina.startup.VersionLoggerListener.log Server built:          Sep 13 2024 20:26:16 UTC
26-Sep-2024 04:19:42.084 INFO [main] org.apache.catalina.startup.VersionLoggerListener.log Server version number: 10.1.30.0
26-Sep-2024 04:19:42.084 INFO [main] org.apache.catalina.startup.VersionLoggerListener.log OS Name:               Linux
26-Sep-2024 04:19:42.084 INFO [main] org.apache.catalina.startup.VersionLoggerListener.log OS Version:            6.8.0-1014-azure
26-Sep-2024 04:19:42.084 INFO [main] org.apache.catalina.startup.VersionLoggerListener.log Architecture:          amd64
26-Sep-2024 04:19:42.084 INFO [main] org.apache.catalina.startup.VersionLoggerListener.log Java Home:             /usr/local/sdkman/candidates/java/21.0.4-ms
26-Sep-2024 04:19:42.084 INFO [main] org.apache.catalina.startup.VersionLoggerListener.log JVM Version:           21.0.4+7-LTS
26-Sep-2024 04:19:42.084 INFO [main] org.apache.catalina.startup.VersionLoggerListener.log JVM Vendor:            Microsoft
26-Sep-2024 04:19:42.084 INFO [main] org.apache.catalina.startup.VersionLoggerListener.log CATALINA_BASE:         /workspaces/JSPTOMCAT/apache-tomcat-10.1.30
26-Sep-2024 04:19:42.085 INFO [main] org.apache.catalina.startup.VersionLoggerListener.log CATALINA_HOME:         /workspaces/JSPTOMCAT/apache-tomcat-10.1.30
26-Sep-2024 04:19:42.118 INFO [main] org.apache.catalina.startup.VersionLoggerListener.log Command line argument: -Djava.util.logging.config.file=/workspaces/JSPTOMCAT/apache-tomcat-10.1.30/conf/logging.properties
26-Sep-2024 04:19:42.118 INFO [main] org.apache.catalina.startup.VersionLoggerListener.log Command line argument: -Djava.util.logging.manager=org.apache.juli.ClassLoaderLogManager
26-Sep-2024 04:19:42.118 INFO [main] org.apache.catalina.startup.VersionLoggerListener.log Command line argument: -Djdk.tls.ephemeralDHKeySize=2048
26-Sep-2024 04:19:42.118 INFO [main] org.apache.catalina.startup.VersionLoggerListener.log Command line argument: -Djava.protocol.handler.pkgs=org.apache.catalina.webresources
26-Sep-2024 04:19:42.119 INFO [main] org.apache.catalina.startup.VersionLoggerListener.log Command line argument: -Dorg.apache.catalina.security.SecurityListener.UMASK=0027
26-Sep-2024 04:19:42.119 INFO [main] org.apache.catalina.startup.VersionLoggerListener.log Command line argument: --add-opens=java.base/java.lang=ALL-UNNAMED
26-Sep-2024 04:19:42.119 INFO [main] org.apache.catalina.startup.VersionLoggerListener.log Command line argument: --add-opens=java.base/java.io=ALL-UNNAMED
26-Sep-2024 04:19:42.119 INFO [main] org.apache.catalina.startup.VersionLoggerListener.log Command line argument: --add-opens=java.base/java.util=ALL-UNNAMED
26-Sep-2024 04:19:42.119 INFO [main] org.apache.catalina.startup.VersionLoggerListener.log Command line argument: --add-opens=java.base/java.util.concurrent=ALL-UNNAMED
26-Sep-2024 04:19:42.119 INFO [main] org.apache.catalina.startup.VersionLoggerListener.log Command line argument: --add-opens=java.rmi/sun.rmi.transport=ALL-UNNAMED
26-Sep-2024 04:19:42.119 INFO [main] org.apache.catalina.startup.VersionLoggerListener.log Command line argument: -Dcatalina.base=/workspaces/JSPTOMCAT/apache-tomcat-10.1.30
26-Sep-2024 04:19:42.119 INFO [main] org.apache.catalina.startup.VersionLoggerListener.log Command line argument: -Dcatalina.home=/workspaces/JSPTOMCAT/apache-tomcat-10.1.30
26-Sep-2024 04:19:42.119 INFO [main] org.apache.catalina.startup.VersionLoggerListener.log Command line argument: -Djava.io.tmpdir=/workspaces/JSPTOMCAT/apache-tomcat-10.1.30/temp
26-Sep-2024 04:19:42.123 INFO [main] org.apache.catalina.core.AprLifecycleListener.lifecycleEvent The Apache Tomcat Native library which allows using OpenSSL was not found on the java.library.path: [/usr/java/packages/lib:/usr/lib64:/lib64:/lib:/usr/lib]
26-Sep-2024 04:19:42.651 INFO [main] org.apache.coyote.AbstractProtocol.init Initializing ProtocolHandler ["http-nio-8080"]
26-Sep-2024 04:19:42.693 INFO [main] org.apache.catalina.startup.Catalina.load Server initialization in [1009] milliseconds
26-Sep-2024 04:19:42.746 INFO [main] org.apache.catalina.core.StandardService.startInternal Starting service [Catalina]
26-Sep-2024 04:19:42.747 INFO [main] org.apache.catalina.core.StandardEngine.startInternal Starting Servlet engine: [Apache Tomcat/10.1.30]
26-Sep-2024 04:19:42.754 INFO [main] org.apache.catalina.startup.HostConfig.deployDirectory Deploying web application directory [/workspaces/JSPTOMCAT/apache-tomcat-10.1.30/webapps/manager]
26-Sep-2024 04:19:43.237 INFO [main] org.apache.catalina.startup.HostConfig.deployDirectory Deployment of web application directory [/workspaces/JSPTOMCAT/apache-tomcat-10.1.30/webapps/manager] has finished in [482] ms
26-Sep-2024 04:19:43.238 INFO [main] org.apache.catalina.startup.HostConfig.deployDirectory Deploying web application directory [/workspaces/JSPTOMCAT/apache-tomcat-10.1.30/webapps/docs]
26-Sep-2024 04:19:43.259 INFO [main] org.apache.catalina.startup.HostConfig.deployDirectory Deployment of web application directory [/workspaces/JSPTOMCAT/apache-tomcat-10.1.30/webapps/docs] has finished in [21] ms
26-Sep-2024 04:19:43.260 INFO [main] org.apache.catalina.startup.HostConfig.deployDirectory Deploying web application directory [/workspaces/JSPTOMCAT/apache-tomcat-10.1.30/webapps/ROOT]
26-Sep-2024 04:19:43.280 INFO [main] org.apache.catalina.startup.HostConfig.deployDirectory Deployment of web application directory [/workspaces/JSPTOMCAT/apache-tomcat-10.1.30/webapps/ROOT] has finished in [20] ms
26-Sep-2024 04:19:43.283 INFO [main] org.apache.catalina.startup.HostConfig.deployDirectory Deploying web application directory [/workspaces/JSPTOMCAT/apache-tomcat-10.1.30/webapps/host-manager]
26-Sep-2024 04:19:43.313 INFO [main] org.apache.catalina.startup.HostConfig.deployDirectory Deployment of web application directory [/workspaces/JSPTOMCAT/apache-tomcat-10.1.30/webapps/host-manager] has finished in [30] ms
26-Sep-2024 04:19:43.315 INFO [main] org.apache.catalina.startup.HostConfig.deployDirectory Deploying web application directory [/workspaces/JSPTOMCAT/apache-tomcat-10.1.30/webapps/examples]
26-Sep-2024 04:19:43.611 INFO [main] org.apache.catalina.startup.HostConfig.deployDirectory Deployment of web application directory [/workspaces/JSPTOMCAT/apache-tomcat-10.1.30/webapps/examples] has finished in [293] ms
26-Sep-2024 04:19:43.617 INFO [main] org.apache.coyote.AbstractProtocol.start Starting ProtocolHandler ["http-nio-8080"]
26-Sep-2024 04:19:43.629 INFO [main] org.apache.catalina.startup.Catalina.start Server startup in [934] milliseconds
26-Sep-2024 04:22:43.641 INFO [Catalina-utility-1] org.apache.catalina.startup.HostConfig.reload Reloading context []
26-Sep-2024 04:22:43.642 INFO [Catalina-utility-1] org.apache.catalina.core.StandardContext.reload Reloading Context with name [] has started
26-Sep-2024 04:22:43.778 INFO [Catalina-utility-1] org.apache.catalina.core.StandardContext.reload Reloading Context with name [] is completed
26-Sep-2024 04:23:04.790 INFO [main] org.apache.catalina.core.StandardServer.await A valid shutdown command was received via the shutdown port. Stopping the Server instance.
26-Sep-2024 04:23:04.795 INFO [main] org.apache.coyote.AbstractProtocol.pause Pausing ProtocolHandler ["http-nio-8080"]
26-Sep-2024 04:23:04.803 INFO [main] org.apache.catalina.core.StandardService.stopInternal Stopping service [Catalina]
26-Sep-2024 04:23:04.830 INFO [main] org.apache.coyote.AbstractProtocol.stop Stopping ProtocolHandler ["http-nio-8080"]
26-Sep-2024 04:23:04.839 INFO [main] org.apache.coyote.AbstractProtocol.destroy Destroying ProtocolHandler ["http-nio-8080"]
26-Sep-2024 04:23:05.365 INFO [main] org.apache.catalina.startup.VersionLoggerListener.log Server version name:   Apache Tomcat/10.1.30
26-Sep-2024 04:23:05.372 INFO [main] org.apache.catalina.startup.VersionLoggerListener.log Server built:          Sep 13 2024 20:26:16 UTC
26-Sep-2024 04:23:05.373 INFO [main] org.apache.catalina.startup.VersionLoggerListener.log Server version number: 10.1.30.0
26-Sep-2024 04:23:05.373 INFO [main] org.apache.catalina.startup.VersionLoggerListener.log OS Name:               Linux
26-Sep-2024 04:23:05.373 INFO [main] org.apache.catalina.startup.VersionLoggerListener.log OS Version:            6.8.0-1014-azure
26-Sep-2024 04:23:05.373 INFO [main] org.apache.catalina.startup.VersionLoggerListener.log Architecture:          amd64
26-Sep-2024 04:23:05.373 INFO [main] org.apache.catalina.startup.VersionLoggerListener.log Java Home:             /usr/local/sdkman/candidates/java/21.0.4-ms
26-Sep-2024 04:23:05.373 INFO [main] org.apache.catalina.startup.VersionLoggerListener.log JVM Version:           21.0.4+7-LTS
26-Sep-2024 04:23:05.373 INFO [main] org.apache.catalina.startup.VersionLoggerListener.log JVM Vendor:            Microsoft
26-Sep-2024 04:23:05.373 INFO [main] org.apache.catalina.startup.VersionLoggerListener.log CATALINA_BASE:         /workspaces/JSPTOMCAT/apache-tomcat-10.1.30
26-Sep-2024 04:23:05.377 INFO [main] org.apache.catalina.startup.VersionLoggerListener.log CATALINA_HOME:         /workspaces/JSPTOMCAT/apache-tomcat-10.1.30
26-Sep-2024 04:23:05.390 INFO [main] org.apache.catalina.startup.VersionLoggerListener.log Command line argument: -Djava.util.logging.config.file=/workspaces/JSPTOMCAT/apache-tomcat-10.1.30/conf/logging.properties
26-Sep-2024 04:23:05.390 INFO [main] org.apache.catalina.startup.VersionLoggerListener.log Command line argument: -Djava.util.logging.manager=org.apache.juli.ClassLoaderLogManager
26-Sep-2024 04:23:05.390 INFO [main] org.apache.catalina.startup.VersionLoggerListener.log Command line argument: -Djdk.tls.ephemeralDHKeySize=2048
26-Sep-2024 04:23:05.390 INFO [main] org.apache.catalina.startup.VersionLoggerListener.log Command line argument: -Djava.protocol.handler.pkgs=org.apache.catalina.webresources
26-Sep-2024 04:23:05.391 INFO [main] org.apache.catalina.startup.VersionLoggerListener.log Command line argument: -Dorg.apache.catalina.security.SecurityListener.UMASK=0027
26-Sep-2024 04:23:05.391 INFO [main] org.apache.catalina.startup.VersionLoggerListener.log Command line argument: --add-opens=java.base/java.lang=ALL-UNNAMED
26-Sep-2024 04:23:05.391 INFO [main] org.apache.catalina.startup.VersionLoggerListener.log Command line argument: --add-opens=java.base/java.io=ALL-UNNAMED
26-Sep-2024 04:23:05.391 INFO [main] org.apache.catalina.startup.VersionLoggerListener.log Command line argument: --add-opens=java.base/java.util=ALL-UNNAMED
26-Sep-2024 04:23:05.391 INFO [main] org.apache.catalina.startup.VersionLoggerListener.log Command line argument: --add-opens=java.base/java.util.concurrent=ALL-UNNAMED
26-Sep-2024 04:23:05.391 INFO [main] org.apache.catalina.startup.VersionLoggerListener.log Command line argument: --add-opens=java.rmi/sun.rmi.transport=ALL-UNNAMED
26-Sep-2024 04:23:05.391 INFO [main] org.apache.catalina.startup.VersionLoggerListener.log Command line argument: -Dcatalina.base=/workspaces/JSPTOMCAT/apache-tomcat-10.1.30
26-Sep-2024 04:23:05.391 INFO [main] org.apache.catalina.startup.VersionLoggerListener.log Command line argument: -Dcatalina.home=/workspaces/JSPTOMCAT/apache-tomcat-10.1.30
26-Sep-2024 04:23:05.391 INFO [main] org.apache.catalina.startup.VersionLoggerListener.log Command line argument: -Djava.io.tmpdir=/workspaces/JSPTOMCAT/apache-tomcat-10.1.30/temp
26-Sep-2024 04:23:05.394 INFO [main] org.apache.catalina.core.AprLifecycleListener.lifecycleEvent The Apache Tomcat Native library which allows using OpenSSL was not found on the java.library.path: [/usr/java/packages/lib:/usr/lib64:/lib64:/lib:/usr/lib]
26-Sep-2024 04:23:05.921 INFO [main] org.apache.coyote.AbstractProtocol.init Initializing ProtocolHandler ["http-nio-8080"]
26-Sep-2024 04:23:05.950 INFO [main] org.apache.catalina.startup.Catalina.load Server initialization in [807] milliseconds
26-Sep-2024 04:23:06.005 INFO [main] org.apache.catalina.core.StandardService.startInternal Starting service [Catalina]
26-Sep-2024 04:23:06.006 INFO [main] org.apache.catalina.core.StandardEngine.startInternal Starting Servlet engine: [Apache Tomcat/10.1.30]
26-Sep-2024 04:23:06.014 INFO [main] org.apache.catalina.startup.HostConfig.deployDirectory Deploying web application directory [/workspaces/JSPTOMCAT/apache-tomcat-10.1.30/webapps/manager]
26-Sep-2024 04:23:06.398 INFO [main] org.apache.catalina.startup.HostConfig.deployDirectory Deployment of web application directory [/workspaces/JSPTOMCAT/apache-tomcat-10.1.30/webapps/manager] has finished in [384] ms
26-Sep-2024 04:23:06.399 INFO [main] org.apache.catalina.startup.HostConfig.deployDirectory Deploying web application directory [/workspaces/JSPTOMCAT/apache-tomcat-10.1.30/webapps/docs]
26-Sep-2024 04:23:06.432 INFO [main] org.apache.catalina.startup.HostConfig.deployDirectory Deployment of web application directory [/workspaces/JSPTOMCAT/apache-tomcat-10.1.30/webapps/docs] has finished in [33] ms
26-Sep-2024 04:23:06.432 INFO [main] org.apache.catalina.startup.HostConfig.deployDirectory Deploying web application directory [/workspaces/JSPTOMCAT/apache-tomcat-10.1.30/webapps/ROOT]
26-Sep-2024 04:23:06.590 INFO [main] org.apache.catalina.startup.HostConfig.deployDirectory Deployment of web application directory [/workspaces/JSPTOMCAT/apache-tomcat-10.1.30/webapps/ROOT] has finished in [157] ms
26-Sep-2024 04:23:06.590 INFO [main] org.apache.catalina.startup.HostConfig.deployDirectory Deploying web application directory [/workspaces/JSPTOMCAT/apache-tomcat-10.1.30/webapps/host-manager]
26-Sep-2024 04:23:06.621 INFO [main] org.apache.catalina.startup.HostConfig.deployDirectory Deployment of web application directory [/workspaces/JSPTOMCAT/apache-tomcat-10.1.30/webapps/host-manager] has finished in [31] ms
26-Sep-2024 04:23:06.622 INFO [main] org.apache.catalina.startup.HostConfig.deployDirectory Deploying web application directory [/workspaces/JSPTOMCAT/apache-tomcat-10.1.30/webapps/examples]
26-Sep-2024 04:23:06.943 INFO [main] org.apache.catalina.startup.HostConfig.deployDirectory Deployment of web application directory [/workspaces/JSPTOMCAT/apache-tomcat-10.1.30/webapps/examples] has finished in [321] ms
26-Sep-2024 04:23:06.948 INFO [main] org.apache.coyote.AbstractProtocol.start Starting ProtocolHandler ["http-nio-8080"]
26-Sep-2024 04:23:06.960 INFO [main] org.apache.catalina.startup.Catalina.start Server startup in [1008] milliseconds
